  [1m[35m (92.2ms)[0m  [1m[34mSELECT sqlite_version(*)[0m
  [1m[35m (301.9ms)[0m  [1m[35mCREATE TABLE "schema_migrations" ("version" varchar NOT NULL PRIMARY KEY)[0m
  [1m[35m (34.4ms)[0m  [1m[35mCREATE TABLE "ar_internal_metadata" ("key" varchar NOT NULL PRIMARY KEY, "value" varchar, "created_at" datetime(6) NOT NULL, "updated_at" datetime(6) NOT NULL)[0m
  [1m[35m (0.5ms)[0m  [1m[34mSELECT "schema_migrations"."version" FROM "schema_migrations" ORDER BY "schema_migrations"."version" ASC[0m
Migrating to CreateBeaches (20210603051816)
  [1m[36mTRANSACTION (0.1ms)[0m  [1m[36mbegin transaction[0m
  [1m[35m (2.5ms)[0m  [1m[35mCREATE TABLE "beaches" ("id" integer PRIMARY KEY AUTOINCREMENT NOT NULL, "name" varchar, "country" varchar, "created_at" datetime(6) NOT NULL, "updated_at" datetime(6) NOT NULL)[0m
  [1m[36mActiveRecord::SchemaMigration Create (13.2ms)[0m  [1m[32mINSERT INTO "schema_migrations" ("version") VALUES (?)[0m  [["version", "20210603051816"]]
  [1m[36mTRANSACTION (51.3ms)[0m  [1m[36mcommit transaction[0m
Migrating to CreateComments (20210603052012)
  [1m[36mTRANSACTION (0.1ms)[0m  [1m[36mbegin transaction[0m
  [1m[35m (8.8ms)[0m  [1m[35mCREATE TABLE "comments" ("id" integer PRIMARY KEY AUTOINCREMENT NOT NULL, "content" text, "beach_id" integer NOT NULL, "created_at" datetime(6) NOT NULL, "updated_at" datetime(6) NOT NULL, CONSTRAINT "fk_rails_364d93a078"
FOREIGN KEY ("beach_id")
  REFERENCES "beaches" ("id")
)[0m
  [1m[35m (0.6ms)[0m  [1m[35mCREATE INDEX "index_comments_on_beach_id" ON "comments" ("beach_id")[0m
  [1m[36mActiveRecord::SchemaMigration Create (0.6ms)[0m  [1m[32mINSERT INTO "schema_migrations" ("version") VALUES (?)[0m  [["version", "20210603052012"]]
  [1m[36mTRANSACTION (15.2ms)[0m  [1m[36mcommit transaction[0m
  [1m[36mActiveRecord::InternalMetadata Load (0.4ms)[0m  [1m[34mSELECT "ar_internal_metadata".* FROM "ar_internal_metadata" WHERE "ar_internal_metadata"."key" = ? LIMIT ?[0m  [["key", "environment"], ["LIMIT", 1]]
  [1m[36mTRANSACTION (0.1ms)[0m  [1m[36mbegin transaction[0m
  [1m[36mActiveRecord::InternalMetadata Create (3.7ms)[0m  [1m[32mINSERT INTO "ar_internal_metadata" ("key", "value", "created_at", "updated_at") VALUES (?, ?, ?, ?)[0m  [["key", "environment"], ["value", "development"], ["created_at", "2021-06-03 05:21:08.127190"], ["updated_at", "2021-06-03 05:21:08.127190"]]
  [1m[36mTRANSACTION (49.8ms)[0m  [1m[36mcommit transaction[0m
  [1m[35m (0.1ms)[0m  [1m[34mSELECT sqlite_version(*)[0m
  [1m[35m (0.6ms)[0m  [1m[34mSELECT "schema_migrations"."version" FROM "schema_migrations" ORDER BY "schema_migrations"."version" ASC[0m
  [1m[35m (32.6ms)[0m  [1m[34mSELECT sqlite_version(*)[0m
  [1m[35m (0.8ms)[0m  [1m[34mSELECT "schema_migrations"."version" FROM "schema_migrations" ORDER BY "schema_migrations"."version" ASC[0m
  [1m[35m (0.1ms)[0m  [1m[34mSELECT sqlite_version(*)[0m
  [1m[36mTRANSACTION (0.1ms)[0m  [1m[36mbegin transaction[0m
  [1m[36mBeach Create (32.1ms)[0m  [1m[32mINSERT INTO "beaches" ("name", "country", "created_at", "updated_at") VALUES (?, ?, ?, ?)[0m  [["name", "Railay Beach"], ["country", "Thailand"], ["created_at", "2021-06-03 05:34:38.761846"], ["updated_at", "2021-06-03 05:34:38.761846"]]
  [1m[36mTRANSACTION (152.3ms)[0m  [1m[36mcommit transaction[0m
  [1m[36mTRANSACTION (0.2ms)[0m  [1m[36mbegin transaction[0m
  [1m[36mBeach Create (2.5ms)[0m  [1m[32mINSERT INTO "beaches" ("name", "country", "created_at", "updated_at") VALUES (?, ?, ?, ?)[0m  [["name", "Whitehaven Beach"], ["country", "Australia"], ["created_at", "2021-06-03 05:34:38.988239"], ["updated_at", "2021-06-03 05:34:38.988239"]]
  [1m[36mTRANSACTION (18.1ms)[0m  [1m[36mcommit transaction[0m
  [1m[36mTRANSACTION (0.1ms)[0m  [1m[36mbegin transaction[0m
  [1m[36mBeach Create (2.2ms)[0m  [1m[32mINSERT INTO "beaches" ("name", "country", "created_at", "updated_at") VALUES (?, ?, ?, ?)[0m  [["name", "Ruby Beach"], ["country", "USA"], ["created_at", "2021-06-03 05:34:39.019469"], ["updated_at", "2021-06-03 05:34:39.019469"]]
  [1m[36mTRANSACTION (16.7ms)[0m  [1m[36mcommit transaction[0m
  [1m[36mTRANSACTION (0.1ms)[0m  [1m[36mbegin transaction[0m
  [1m[36mBeach Create (1.9ms)[0m  [1m[32mINSERT INTO "beaches" ("name", "country", "created_at", "updated_at") VALUES (?, ?, ?, ?)[0m  [["name", "Monterosso Al Mare"], ["country", "Italy"], ["created_at", "2021-06-03 05:34:39.047022"], ["updated_at", "2021-06-03 05:34:39.047022"]]
  [1m[36mTRANSACTION (56.4ms)[0m  [1m[36mcommit transaction[0m
  [1m[36mTRANSACTION (0.1ms)[0m  [1m[36mbegin transaction[0m
  [1m[36mBeach Create (1.8ms)[0m  [1m[32mINSERT INTO "beaches" ("name", "country", "created_at", "updated_at") VALUES (?, ?, ?, ?)[0m  [["name", "Tunnels Beach"], ["country", "USA"], ["created_at", "2021-06-03 05:34:39.116548"], ["updated_at", "2021-06-03 05:34:39.116548"]]
  [1m[36mTRANSACTION (23.5ms)[0m  [1m[36mcommit transaction[0m
  [1m[36mTRANSACTION (0.1ms)[0m  [1m[36mbegin transaction[0m
  [1m[36mBeach Create (2.0ms)[0m  [1m[32mINSERT INTO "beaches" ("name", "country", "created_at", "updated_at") VALUES (?, ?, ?, ?)[0m  [["name", "Durdle Door"], ["country", "England"], ["created_at", "2021-06-03 05:34:39.148430"], ["updated_at", "2021-06-03 05:34:39.148430"]]
  [1m[36mTRANSACTION (11.8ms)[0m  [1m[36mcommit transaction[0m
  [1m[36mTRANSACTION (0.1ms)[0m  [1m[36mbegin transaction[0m
  [1m[36mBeach Create (1.7ms)[0m  [1m[32mINSERT INTO "beaches" ("name", "country", "created_at", "updated_at") VALUES (?, ?, ?, ?)[0m  [["name", "Tulum"], ["country", "Mexico"], ["created_at", "2021-06-03 05:34:39.168674"], ["updated_at", "2021-06-03 05:34:39.168674"]]
  [1m[36mTRANSACTION (12.0ms)[0m  [1m[36mcommit transaction[0m
